<?xml version="1.0" encoding="UTF-8"?>
<!-- Generated by org.testng.reporters.JUnitReportReporter -->
<testsuite skipped="0" hostname="LAPTOP-MHTJ6FP0" name="execution.RunTest" tests="2" failures="0" timestamp="13 Apr 2019 06:56:48 GMT" time="10.154" errors="0">
  <testcase name="runScenario" time="5.446" classname="execution.RunTest"/>
  <testcase name="runScenario" time="4.708" classname="execution.RunTest"/>
</testsuite> <!-- execution.RunTest -->
