<?xml version="1.0" encoding="UTF-8"?>
<!-- Generated by org.testng.reporters.JUnitReportReporter -->
<testsuite skipped="0" hostname="LAPTOP-MHTJ6FP0" name="execution.Runner" tests="3" failures="0" timestamp="13 Apr 2019 07:20:26 GMT" time="0.207" errors="3">
  <testcase name="runScenario" time="0.000" classname="execution.Runner">
    <error type="java.lang.NullPointerException">
      <![CDATA[java.lang.NullPointerException
at implementations.LoginFunctionality.enterUserName(LoginFunctionality.java:46)
at ✽.Enter Username as DemoCSR(src\main\java\features\LoginDataDriven.feature:28)
]]>
    </error>
  </testcase> <!-- runScenario -->
  <testcase name="runScenario" time="0.000" classname="execution.Runner">
    <error type="java.lang.NullPointerException">
      <![CDATA[java.lang.NullPointerException
at implementations.LoginFunctionality.enterUserName(LoginFunctionality.java:46)
at ✽.Enter Username as DemoCSR(src\main\java\features\LoginDataDriven.feature:17)
]]>
    </error>
  </testcase> <!-- runScenario -->
  <testcase name="runScenario" time="0.207" classname="execution.Runner">
    <error type="java.lang.NullPointerException">
      <![CDATA[java.lang.NullPointerException
at implementations.LoginFunctionality.enterUserName(LoginFunctionality.java:46)
at ✽.Enter Username as DemoSalesManager(src\main\java\features\LoginDataDriven.feature:6)
]]>
    </error>
  </testcase> <!-- runScenario -->
</testsuite> <!-- execution.Runner -->
