<?xml version="1.0" encoding="UTF-8"?>
<!-- Generated by org.testng.reporters.JUnitReportReporter -->
<testsuite skipped="0" hostname="LAPTOP-MHTJ6FP0" name="week5.day1.DeleteLead" tests="1" failures="0" timestamp="09 Mar 2019 07:14:04 GMT" time="30.940" errors="0">
  <testcase name="deleteLeasTest" time="30.940" classname="week5.day1.DeleteLead"/>
</testsuite> <!-- week5.day1.DeleteLead -->
