<?xml version="1.0" encoding="UTF-8"?>
<!-- Generated by org.testng.reporters.JUnitReportReporter -->
<testsuite skipped="0" hostname="LAPTOP-MHTJ6FP0" name="top10.code.samples.PrintingTriangle" tests="2" failures="0" timestamp="10 May 2019 02:34:44 GMT" time="0.015" errors="0">
  <testcase name="printingStar" time="0.015" classname="top10.code.samples.PrintingTriangle"/>
  <testcase name="printNumber" time="0.000" classname="top10.code.samples.PrintingTriangle"/>
</testsuite> <!-- top10.code.samples.PrintingTriangle -->
