<?xml version="1.0" encoding="UTF-8"?>
<!-- Generated by org.testng.reporters.JUnitReportReporter -->
<testsuite skipped="0" hostname="LAPTOP-MHTJ6FP0" name="week5.day2.CreateLeadDataProvider" tests="2" failures="0" timestamp="07 Apr 2019 07:54:33 GMT" time="30.352" errors="0">
  <testcase name="createLeadTest" time="15.424" classname="week5.day2.CreateLeadDataProvider"/>
  <testcase name="createLeadTest" time="14.928" classname="week5.day2.CreateLeadDataProvider"/>
</testsuite> <!-- week5.day2.CreateLeadDataProvider -->
