<?xml version="1.0" encoding="UTF-8"?>
<!-- Generated by org.testng.reporters.JUnitReportReporter -->
<testsuite skipped="0" hostname="LAPTOP-MHTJ6FP0" name="interview.questions.WindowHandles" tests="3" failures="0" timestamp="31 Mar 2019 11:58:50 GMT" time="20.904" errors="0">
  <testcase name="moveToLastWindow1" time="6.492" classname="interview.questions.WindowHandles"/>
  <testcase name="moveToLastWindow2" time="7.972" classname="interview.questions.WindowHandles"/>
  <testcase name="moveToLastWindow3" time="6.440" classname="interview.questions.WindowHandles"/>
</testsuite> <!-- interview.questions.WindowHandles -->
