<?xml version="1.0" encoding="UTF-8"?>
<!-- Generated by org.testng.reporters.JUnitReportReporter -->
<testsuite skipped="0" hostname="LAPTOP-MHTJ6FP0" name="week5.day1.MergeLeads" tests="1" failures="0" timestamp="09 Mar 2019 04:28:50 GMT" time="76.432" errors="0">
  <testcase name="mergeLeadsTest" time="76.432" classname="week5.day1.MergeLeads"/>
</testsuite> <!-- week5.day1.MergeLeads -->
