<?xml version="1.0" encoding="UTF-8"?>
<!-- Generated by org.testng.reporters.JUnitReportReporter -->
<testsuite skipped="0" hostname="LAPTOP-MHTJ6FP0" name="week5.day1.CreateLead" tests="1" failures="0" timestamp="31 Mar 2019 09:23:58 GMT" time="23.872" errors="0">
  <testcase name="createLeadTest" time="23.872" classname="week5.day1.CreateLead"/>
</testsuite> <!-- week5.day1.CreateLead -->
