<?xml version="1.0" encoding="UTF-8"?>
<!-- Generated by org.testng.reporters.JUnitReportReporter -->
<testsuite skipped="0" hostname="LAPTOP-MHTJ6FP0" name="week5.day2.ParameterizationLearn" tests="1" failures="0" timestamp="07 Apr 2019 05:15:55 GMT" time="15.817" errors="0">
  <testcase name="createLeadTest" time="15.817" classname="week5.day2.ParameterizationLearn"/>
</testsuite> <!-- week5.day2.ParameterizationLearn -->
