<?xml version="1.0" encoding="UTF-8"?>
<!-- Generated by org.testng.reporters.JUnitReportReporter -->
<testsuite skipped="0" hostname="LAPTOP-MHTJ6FP0" name="week5.day1.EditLead" tests="1" failures="0" timestamp="31 Mar 2019 09:25:29 GMT" time="22.291" errors="0">
  <testcase name="editLeadTest" time="22.291" classname="week5.day1.EditLead"/>
</testsuite> <!-- week5.day1.EditLead -->
